2024-04-24 14:16:12.387 [info] Extension host with pid 2075514 started
2024-04-24 14:16:12.410 [info] Lock '/home/webappdevcasino/.vscode-server/data/User/workspaceStorage/c0a93e810b71e380be41dcaebecc2863/vscode.lock': Lock acquired.
2024-04-24 14:16:12.476 [info] ExtensionService#_doActivateExtension batisteo.vscode-django, startup: false, activationEvent: 'onLanguage:django-html'
2024-04-24 14:16:12.478 [info] ExtensionService#_doActivateExtension vscode.git-base, startup: true, activationEvent: '*', root cause: vscode.git
2024-04-24 14:16:13.096 [info] ExtensionService#_doActivateExtension vscode.git, startup: true, activationEvent: '*'
2024-04-24 14:16:13.098 [info] ExtensionService#_doActivateExtension vscode.github, startup: true, activationEvent: '*'
2024-04-24 14:16:13.336 [info] ExtensionService#_doActivateExtension vscode.debug-auto-launch, startup: false, activationEvent: 'onStartupFinished'
2024-04-24 14:16:13.336 [info] ExtensionService#_doActivateExtension vscode.emmet, startup: false, activationEvent: 'onStartupFinished'
2024-04-24 14:16:13.337 [info] ExtensionService#_doActivateExtension vscode.merge-conflict, startup: false, activationEvent: 'onStartupFinished'
2024-04-24 14:16:13.337 [info] Eager extensions activated
2024-04-24 14:46:05.243 [info] ExtensionService#_doActivateExtension vscode.configuration-editing, startup: false, activationEvent: 'onLanguage:jsonc'
2024-04-24 14:46:05.244 [info] ExtensionService#_doActivateExtension vscode.json-language-features, startup: false, activationEvent: 'onLanguage:jsonc'
2024-04-24 14:46:05.245 [info] ExtensionService#_doActivateExtension vscode.typescript-language-features, startup: false, activationEvent: 'onLanguage:jsonc'
2024-04-24 14:48:34.748 [info] ExtensionService#_doActivateExtension ms-python.python, startup: false, activationEvent: 'onLanguage:python', root cause: ms-python.isort
2024-04-24 14:48:34.750 [info] ExtensionService#_doActivateExtension ms-toolsai.jupyter, startup: false, activationEvent: 'onLanguage:python'
2024-04-24 14:48:36.267 [info] ExtensionService#_doActivateExtension ms-python.isort, startup: false, activationEvent: 'onLanguage:python'
2024-04-24 14:48:36.267 [info] ExtensionService#_doActivateExtension ms-python.vscode-pylance, startup: false, activationEvent: 'onLanguage:python'
2024-04-24 14:51:25.801 [info] Extension host terminating: received terminate message from renderer
2024-04-24 14:51:25.803 [info] Lock '/home/webappdevcasino/.vscode-server/data/User/workspaceStorage/c0a93e810b71e380be41dcaebecc2863/vscode.lock': Marking the lockfile as scheduled to be released in 6000 ms.
2024-04-24 14:51:25.884 [info] Extension host with pid 2075514 exiting with code 0
