2024-04-26 15:33:50.288 [info] Extension host with pid 2438084 started
2024-04-26 15:33:50.288 [error] Error: EEXIST: file already exists, open '/home/webappdevcasino/.vscode-server/data/User/workspaceStorage/b350b47423a0d6d16bdc28fae4fec9b8/vscode.lock'
2024-04-26 15:33:50.293 [info] Lock '/home/webappdevcasino/.vscode-server/data/User/workspaceStorage/b350b47423a0d6d16bdc28fae4fec9b8/vscode.lock': Could not acquire lock, checking if the file is stale.
2024-04-26 15:33:50.296 [info] Lock '/home/webappdevcasino/.vscode-server/data/User/workspaceStorage/b350b47423a0d6d16bdc28fae4fec9b8/vscode.lock': The pid 2266863 appears to be gone.
2024-04-26 15:33:50.296 [info] Lock '/home/webappdevcasino/.vscode-server/data/User/workspaceStorage/b350b47423a0d6d16bdc28fae4fec9b8/vscode.lock': Deleting a stale lock.
2024-04-26 15:33:50.309 [info] Lock '/home/webappdevcasino/.vscode-server/data/User/workspaceStorage/b350b47423a0d6d16bdc28fae4fec9b8/vscode.lock': Lock acquired.
2024-04-26 15:33:50.425 [info] ExtensionService#_doActivateExtension vscode.git-base, startup: true, activationEvent: '*', root cause: vscode.git
2024-04-26 15:33:50.767 [info] ExtensionService#_doActivateExtension vscode.git, startup: true, activationEvent: '*'
2024-04-26 15:33:50.768 [info] ExtensionService#_doActivateExtension vscode.github, startup: true, activationEvent: '*'
2024-04-26 15:33:52.715 [info] Eager extensions activated
2024-04-26 15:33:52.716 [info] ExtensionService#_doActivateExtension vscode.debug-auto-launch, startup: false, activationEvent: 'onStartupFinished'
2024-04-26 15:33:52.716 [info] ExtensionService#_doActivateExtension vscode.merge-conflict, startup: false, activationEvent: 'onStartupFinished'
2024-04-26 15:34:07.781 [info] ExtensionService#_doActivateExtension batisteo.vscode-django, startup: false, activationEvent: 'onLanguage:python'
2024-04-26 15:34:07.853 [info] ExtensionService#_doActivateExtension vscode.emmet, startup: false, activationEvent: 'onLanguage'
2024-04-26 15:38:46.038 [info] Extension host terminating: received terminate message from renderer
2024-04-26 15:38:46.039 [info] Lock '/home/webappdevcasino/.vscode-server/data/User/workspaceStorage/b350b47423a0d6d16bdc28fae4fec9b8/vscode.lock': Marking the lockfile as scheduled to be released in 6000 ms.
2024-04-26 15:38:46.076 [error] Canceled: Canceled
	at new $ (/home/webappdevcasino/.vscode-server/bin/019f4d1419fbc8219a181fab7892ebccf7ee29a2/out/vs/workbench/api/node/extensionHostProcess.js:140:45885)
	at s.U (/home/webappdevcasino/.vscode-server/bin/019f4d1419fbc8219a181fab7892ebccf7ee29a2/out/vs/workbench/api/node/extensionHostProcess.js:147:5556)
	at z.<computed>.T.charCodeAt.z.<computed> (/home/webappdevcasino/.vscode-server/bin/019f4d1419fbc8219a181fab7892ebccf7ee29a2/out/vs/workbench/api/node/extensionHostProcess.js:147:3007)
	at u.g (/home/webappdevcasino/.vscode-server/bin/019f4d1419fbc8219a181fab7892ebccf7ee29a2/out/vs/workbench/api/node/extensionHostProcess.js:150:184415)
	at u.executeCommand (/home/webappdevcasino/.vscode-server/bin/019f4d1419fbc8219a181fab7892ebccf7ee29a2/out/vs/workbench/api/node/extensionHostProcess.js:150:183853)
	at f.registerCommand.description (/home/webappdevcasino/.vscode-server/bin/019f4d1419fbc8219a181fab7892ebccf7ee29a2/out/vs/workbench/api/node/extensionHostProcess.js:150:183177)
	at u.h (/home/webappdevcasino/.vscode-server/bin/019f4d1419fbc8219a181fab7892ebccf7ee29a2/out/vs/workbench/api/node/extensionHostProcess.js:150:184954)
	at u.g (/home/webappdevcasino/.vscode-server/bin/019f4d1419fbc8219a181fab7892ebccf7ee29a2/out/vs/workbench/api/node/extensionHostProcess.js:150:183946)
	at u.executeCommand (/home/webappdevcasino/.vscode-server/bin/019f4d1419fbc8219a181fab7892ebccf7ee29a2/out/vs/workbench/api/node/extensionHostProcess.js:150:183853)
	at Object.executeCommand (/home/webappdevcasino/.vscode-server/bin/019f4d1419fbc8219a181fab7892ebccf7ee29a2/out/vs/workbench/api/node/extensionHostProcess.js:160:21654)
	at p.O [as value] (/home/webappdevcasino/.vscode-server/bin/019f4d1419fbc8219a181fab7892ebccf7ee29a2/extensions/git/dist/main.js:2:943479)
	at n.y (/home/webappdevcasino/.vscode-server/bin/019f4d1419fbc8219a181fab7892ebccf7ee29a2/out/vs/workbench/api/node/extensionHostProcess.js:80:1902)
	at n.z (/home/webappdevcasino/.vscode-server/bin/019f4d1419fbc8219a181fab7892ebccf7ee29a2/out/vs/workbench/api/node/extensionHostProcess.js:80:1972)
	at n.fire (/home/webappdevcasino/.vscode-server/bin/019f4d1419fbc8219a181fab7892ebccf7ee29a2/out/vs/workbench/api/node/extensionHostProcess.js:80:2188)
	at Object.m [as dispose] (/home/webappdevcasino/.vscode-server/bin/019f4d1419fbc8219a181fab7892ebccf7ee29a2/extensions/git/dist/main.js:2:962791)
	at /home/webappdevcasino/.vscode-server/bin/019f4d1419fbc8219a181fab7892ebccf7ee29a2/extensions/git/dist/main.js:2:968825
	at Array.forEach (<anonymous>)
	at f.dispose (/home/webappdevcasino/.vscode-server/bin/019f4d1419fbc8219a181fab7892ebccf7ee29a2/extensions/git/dist/main.js:2:968811)
	at l.<anonymous> (/home/webappdevcasino/.vscode-server/bin/019f4d1419fbc8219a181fab7892ebccf7ee29a2/out/vs/workbench/api/node/extensionHostProcess.js:148:3704)
	at l.dispose (/home/webappdevcasino/.vscode-server/bin/019f4d1419fbc8219a181fab7892ebccf7ee29a2/out/vs/workbench/api/node/extensionHostProcess.js:148:3801)
	at l.<anonymous> (/home/webappdevcasino/.vscode-server/bin/019f4d1419fbc8219a181fab7892ebccf7ee29a2/extensions/git/dist/main.js:2:945736)
	at l.dispose (/home/webappdevcasino/.vscode-server/bin/019f4d1419fbc8219a181fab7892ebccf7ee29a2/out/vs/workbench/api/node/extensionHostProcess.js:148:3801)
	at o (/home/webappdevcasino/.vscode-server/bin/019f4d1419fbc8219a181fab7892ebccf7ee29a2/out/vs/workbench/api/node/extensionHostProcess.js:30:754)
	at p.cb (/home/webappdevcasino/.vscode-server/bin/019f4d1419fbc8219a181fab7892ebccf7ee29a2/out/vs/workbench/api/node/extensionHostProcess.js:156:9882)
	at /home/webappdevcasino/.vscode-server/bin/019f4d1419fbc8219a181fab7892ebccf7ee29a2/out/vs/workbench/api/node/extensionHostProcess.js:156:7816
	at Array.map (<anonymous>)
	at p.Y (/home/webappdevcasino/.vscode-server/bin/019f4d1419fbc8219a181fab7892ebccf7ee29a2/out/vs/workbench/api/node/extensionHostProcess.js:156:7803)
	at p.terminate (/home/webappdevcasino/.vscode-server/bin/019f4d1419fbc8219a181fab7892ebccf7ee29a2/out/vs/workbench/api/node/extensionHostProcess.js:156:8076)
	at o.terminate (/home/webappdevcasino/.vscode-server/bin/019f4d1419fbc8219a181fab7892ebccf7ee29a2/out/vs/workbench/api/node/extensionHostProcess.js:160:1513)
	at t (/home/webappdevcasino/.vscode-server/bin/019f4d1419fbc8219a181fab7892ebccf7ee29a2/out/vs/workbench/api/node/extensionHostProcess.js:173:9949)
	at p.value (/home/webappdevcasino/.vscode-server/bin/019f4d1419fbc8219a181fab7892ebccf7ee29a2/out/vs/workbench/api/node/extensionHostProcess.js:173:7996)
	at n.y (/home/webappdevcasino/.vscode-server/bin/019f4d1419fbc8219a181fab7892ebccf7ee29a2/out/vs/workbench/api/node/extensionHostProcess.js:80:1902)
	at n.fire (/home/webappdevcasino/.vscode-server/bin/019f4d1419fbc8219a181fab7892ebccf7ee29a2/out/vs/workbench/api/node/extensionHostProcess.js:80:2119)
	at r.fire (/home/webappdevcasino/.vscode-server/bin/019f4d1419fbc8219a181fab7892ebccf7ee29a2/out/vs/workbench/api/node/extensionHostProcess.js:105:14091)
	at u.z (/home/webappdevcasino/.vscode-server/bin/019f4d1419fbc8219a181fab7892ebccf7ee29a2/out/vs/workbench/api/node/extensionHostProcess.js:105:17156)
	at p.value (/home/webappdevcasino/.vscode-server/bin/019f4d1419fbc8219a181fab7892ebccf7ee29a2/out/vs/workbench/api/node/extensionHostProcess.js:105:15608)
	at n.y (/home/webappdevcasino/.vscode-server/bin/019f4d1419fbc8219a181fab7892ebccf7ee29a2/out/vs/workbench/api/node/extensionHostProcess.js:80:1902)
	at n.fire (/home/webappdevcasino/.vscode-server/bin/019f4d1419fbc8219a181fab7892ebccf7ee29a2/out/vs/workbench/api/node/extensionHostProcess.js:80:2119)
	at p.acceptChunk (/home/webappdevcasino/.vscode-server/bin/019f4d1419fbc8219a181fab7892ebccf7ee29a2/out/vs/workbench/api/node/extensionHostProcess.js:105:11865)
	at p.value (/home/webappdevcasino/.vscode-server/bin/019f4d1419fbc8219a181fab7892ebccf7ee29a2/out/vs/workbench/api/node/extensionHostProcess.js:105:11152)
	at n.y (/home/webappdevcasino/.vscode-server/bin/019f4d1419fbc8219a181fab7892ebccf7ee29a2/out/vs/workbench/api/node/extensionHostProcess.js:80:1902)
	at n.fire (/home/webappdevcasino/.vscode-server/bin/019f4d1419fbc8219a181fab7892ebccf7ee29a2/out/vs/workbench/api/node/extensionHostProcess.js:80:2119)
	at n.z (/home/webappdevcasino/.vscode-server/bin/019f4d1419fbc8219a181fab7892ebccf7ee29a2/out/vs/workbench/api/node/extensionHostProcess.js:170:19748) setContext undefined
2024-04-26 15:38:46.077 [error] Canceled: Canceled
	at new $ (/home/webappdevcasino/.vscode-server/bin/019f4d1419fbc8219a181fab7892ebccf7ee29a2/out/vs/workbench/api/node/extensionHostProcess.js:140:45885)
	at s.U (/home/webappdevcasino/.vscode-server/bin/019f4d1419fbc8219a181fab7892ebccf7ee29a2/out/vs/workbench/api/node/extensionHostProcess.js:147:5556)
	at z.<computed>.T.charCodeAt.z.<computed> (/home/webappdevcasino/.vscode-server/bin/019f4d1419fbc8219a181fab7892ebccf7ee29a2/out/vs/workbench/api/node/extensionHostProcess.js:147:3007)
	at u.g (/home/webappdevcasino/.vscode-server/bin/019f4d1419fbc8219a181fab7892ebccf7ee29a2/out/vs/workbench/api/node/extensionHostProcess.js:150:184415)
	at u.executeCommand (/home/webappdevcasino/.vscode-server/bin/019f4d1419fbc8219a181fab7892ebccf7ee29a2/out/vs/workbench/api/node/extensionHostProcess.js:150:183853)
	at f.registerCommand.description (/home/webappdevcasino/.vscode-server/bin/019f4d1419fbc8219a181fab7892ebccf7ee29a2/out/vs/workbench/api/node/extensionHostProcess.js:150:183177)
	at u.h (/home/webappdevcasino/.vscode-server/bin/019f4d1419fbc8219a181fab7892ebccf7ee29a2/out/vs/workbench/api/node/extensionHostProcess.js:150:184954)
	at u.g (/home/webappdevcasino/.vscode-server/bin/019f4d1419fbc8219a181fab7892ebccf7ee29a2/out/vs/workbench/api/node/extensionHostProcess.js:150:183946)
	at u.executeCommand (/home/webappdevcasino/.vscode-server/bin/019f4d1419fbc8219a181fab7892ebccf7ee29a2/out/vs/workbench/api/node/extensionHostProcess.js:150:183853)
	at Object.executeCommand (/home/webappdevcasino/.vscode-server/bin/019f4d1419fbc8219a181fab7892ebccf7ee29a2/out/vs/workbench/api/node/extensionHostProcess.js:160:21654)
	at set hasGitHubRepositories [as hasGitHubRepositories] (/home/webappdevcasino/.vscode-server/bin/019f4d1419fbc8219a181fab7892ebccf7ee29a2/extensions/github/dist/extension.js:2:325214)
	at /home/webappdevcasino/.vscode-server/bin/019f4d1419fbc8219a181fab7892ebccf7ee29a2/extensions/github/dist/extension.js:2:326173
	at p.value (/home/webappdevcasino/.vscode-server/bin/019f4d1419fbc8219a181fab7892ebccf7ee29a2/extensions/git/dist/main.js:2:1050811)
	at n.y (/home/webappdevcasino/.vscode-server/bin/019f4d1419fbc8219a181fab7892ebccf7ee29a2/out/vs/workbench/api/node/extensionHostProcess.js:80:1902)
	at n.z (/home/webappdevcasino/.vscode-server/bin/019f4d1419fbc8219a181fab7892ebccf7ee29a2/out/vs/workbench/api/node/extensionHostProcess.js:80:1972)
	at n.fire (/home/webappdevcasino/.vscode-server/bin/019f4d1419fbc8219a181fab7892ebccf7ee29a2/out/vs/workbench/api/node/extensionHostProcess.js:80:2188)
	at Object.m [as dispose] (/home/webappdevcasino/.vscode-server/bin/019f4d1419fbc8219a181fab7892ebccf7ee29a2/extensions/git/dist/main.js:2:962791)
	at /home/webappdevcasino/.vscode-server/bin/019f4d1419fbc8219a181fab7892ebccf7ee29a2/extensions/git/dist/main.js:2:968825
	at Array.forEach (<anonymous>)
	at f.dispose (/home/webappdevcasino/.vscode-server/bin/019f4d1419fbc8219a181fab7892ebccf7ee29a2/extensions/git/dist/main.js:2:968811)
	at l.<anonymous> (/home/webappdevcasino/.vscode-server/bin/019f4d1419fbc8219a181fab7892ebccf7ee29a2/out/vs/workbench/api/node/extensionHostProcess.js:148:3704)
	at l.dispose (/home/webappdevcasino/.vscode-server/bin/019f4d1419fbc8219a181fab7892ebccf7ee29a2/out/vs/workbench/api/node/extensionHostProcess.js:148:3801)
	at l.<anonymous> (/home/webappdevcasino/.vscode-server/bin/019f4d1419fbc8219a181fab7892ebccf7ee29a2/extensions/git/dist/main.js:2:945736)
	at l.dispose (/home/webappdevcasino/.vscode-server/bin/019f4d1419fbc8219a181fab7892ebccf7ee29a2/out/vs/workbench/api/node/extensionHostProcess.js:148:3801)
	at o (/home/webappdevcasino/.vscode-server/bin/019f4d1419fbc8219a181fab7892ebccf7ee29a2/out/vs/workbench/api/node/extensionHostProcess.js:30:754)
	at p.cb (/home/webappdevcasino/.vscode-server/bin/019f4d1419fbc8219a181fab7892ebccf7ee29a2/out/vs/workbench/api/node/extensionHostProcess.js:156:9882)
	at /home/webappdevcasino/.vscode-server/bin/019f4d1419fbc8219a181fab7892ebccf7ee29a2/out/vs/workbench/api/node/extensionHostProcess.js:156:7816
	at Array.map (<anonymous>)
	at p.Y (/home/webappdevcasino/.vscode-server/bin/019f4d1419fbc8219a181fab7892ebccf7ee29a2/out/vs/workbench/api/node/extensionHostProcess.js:156:7803)
	at p.terminate (/home/webappdevcasino/.vscode-server/bin/019f4d1419fbc8219a181fab7892ebccf7ee29a2/out/vs/workbench/api/node/extensionHostProcess.js:156:8076)
	at o.terminate (/home/webappdevcasino/.vscode-server/bin/019f4d1419fbc8219a181fab7892ebccf7ee29a2/out/vs/workbench/api/node/extensionHostProcess.js:160:1513)
	at t (/home/webappdevcasino/.vscode-server/bin/019f4d1419fbc8219a181fab7892ebccf7ee29a2/out/vs/workbench/api/node/extensionHostProcess.js:173:9949)
	at p.value (/home/webappdevcasino/.vscode-server/bin/019f4d1419fbc8219a181fab7892ebccf7ee29a2/out/vs/workbench/api/node/extensionHostProcess.js:173:7996)
	at n.y (/home/webappdevcasino/.vscode-server/bin/019f4d1419fbc8219a181fab7892ebccf7ee29a2/out/vs/workbench/api/node/extensionHostProcess.js:80:1902)
	at n.fire (/home/webappdevcasino/.vscode-server/bin/019f4d1419fbc8219a181fab7892ebccf7ee29a2/out/vs/workbench/api/node/extensionHostProcess.js:80:2119)
	at r.fire (/home/webappdevcasino/.vscode-server/bin/019f4d1419fbc8219a181fab7892ebccf7ee29a2/out/vs/workbench/api/node/extensionHostProcess.js:105:14091)
	at u.z (/home/webappdevcasino/.vscode-server/bin/019f4d1419fbc8219a181fab7892ebccf7ee29a2/out/vs/workbench/api/node/extensionHostProcess.js:105:17156)
	at p.value (/home/webappdevcasino/.vscode-server/bin/019f4d1419fbc8219a181fab7892ebccf7ee29a2/out/vs/workbench/api/node/extensionHostProcess.js:105:15608)
	at n.y (/home/webappdevcasino/.vscode-server/bin/019f4d1419fbc8219a181fab7892ebccf7ee29a2/out/vs/workbench/api/node/extensionHostProcess.js:80:1902)
	at n.fire (/home/webappdevcasino/.vscode-server/bin/019f4d1419fbc8219a181fab7892ebccf7ee29a2/out/vs/workbench/api/node/extensionHostProcess.js:80:2119)
	at p.acceptChunk (/home/webappdevcasino/.vscode-server/bin/019f4d1419fbc8219a181fab7892ebccf7ee29a2/out/vs/workbench/api/node/extensionHostProcess.js:105:11865)
	at p.value (/home/webappdevcasino/.vscode-server/bin/019f4d1419fbc8219a181fab7892ebccf7ee29a2/out/vs/workbench/api/node/extensionHostProcess.js:105:11152)
	at n.y (/home/webappdevcasino/.vscode-server/bin/019f4d1419fbc8219a181fab7892ebccf7ee29a2/out/vs/workbench/api/node/extensionHostProcess.js:80:1902)
	at n.fire (/home/webappdevcasino/.vscode-server/bin/019f4d1419fbc8219a181fab7892ebccf7ee29a2/out/vs/workbench/api/node/extensionHostProcess.js:80:2119)
	at n.z (/home/webappdevcasino/.vscode-server/bin/019f4d1419fbc8219a181fab7892ebccf7ee29a2/out/vs/workbench/api/node/extensionHostProcess.js:170:19748) setContext undefined
2024-04-26 15:38:46.077 [info] Extension host with pid 2438084 exiting with code 0
