*
* Visual Studio Code Server
*
* By using the software, you agree to
* the Visual Studio Code Server License Terms (https://aka.ms/vscode-server-license) and
* the Microsoft Privacy Statement (https://privacy.microsoft.com/en-US/privacystatement).
*
Server bound to 127.0.0.1:36417 (IPv4)
Extension host agent listening on 36417

[14:50:21] 




[14:50:21] Extension host agent started.
[14:50:21] [cmake-tools]: Couldn't find message for key cmake-tools.configuration.cmake.options.advanced.statusBarLength.description.
[14:50:21] [cmake-tools]: Couldn't find message for key cmake-tools.configuration.cmake.options.advanced.statusBarLength.description.
[14:50:21] [cmake-tools]: Couldn't find message for key cmake-tools.configuration.cmake.options.advanced.statusBarLength.description.
[14:50:21] [cmake-tools]: Couldn't find message for key cmake-tools.configuration.cmake.options.advanced.statusBarLength.description.
[14:50:21] [cmake-tools]: Couldn't find message for key cmake-tools.configuration.cmake.options.advanced.statusBarLength.description.
[14:50:21] [cmake-tools]: Couldn't find message for key cmake-tools.configuration.cmake.options.advanced.statusBarLength.description.
[14:50:21] [cmake-tools]: Couldn't find message for key cmake-tools.configuration.cmake.options.advanced.statusBarLength.description.
[14:50:21] [cmake-tools]: Couldn't find message for key cmake-tools.configuration.cmake.options.advanced.statusBarLength.description.
[14:50:21] [cmake-tools]: Couldn't find message for key cmake-tools.configuration.cmake.options.advanced.statusBarLength.description.
[14:50:21] [cmake-tools]: Couldn't find message for key cmake-tools.configuration.cmake.options.advanced.statusBarLength.description.
[14:50:21] [cmake-tools]: Couldn't find message for key cmake-tools.configuration.cmake.options.advanced.statusBarLength.description.
[14:50:21] [cmake-tools]: Couldn't find message for key cmake-tools.configuration.cmake.options.advanced.statusBarLength.description.
[14:50:21] [127.0.0.1][6c7cdc88][ManagementConnection] New connection established.
[14:50:21] [127.0.0.1][40c33137][ExtensionHostConnection] New connection established.
[14:50:21] [cmake-tools]: Couldn't find message for key cmake-tools.configuration.cmake.options.advanced.statusBarLength.description.
[14:50:21] [cmake-tools]: Couldn't find message for key cmake-tools.configuration.cmake.options.advanced.statusBarLength.description.
[14:50:21] [cmake-tools]: Couldn't find message for key cmake-tools.configuration.cmake.options.advanced.statusBarLength.description.
[14:50:21] [cmake-tools]: Couldn't find message for key cmake-tools.configuration.cmake.options.advanced.statusBarLength.description.
[14:50:21] [cmake-tools]: Couldn't find message for key cmake-tools.configuration.cmake.options.advanced.statusBarLength.description.
[14:50:21] [cmake-tools]: Couldn't find message for key cmake-tools.configuration.cmake.options.advanced.statusBarLength.description.
[14:50:21] [cmake-tools]: Couldn't find message for key cmake-tools.configuration.cmake.options.advanced.statusBarLength.description.
[14:50:21] [cmake-tools]: Couldn't find message for key cmake-tools.configuration.cmake.options.advanced.statusBarLength.description.
[14:50:21] [cmake-tools]: Couldn't find message for key cmake-tools.configuration.cmake.options.advanced.statusBarLength.description.
[14:50:21] [cmake-tools]: Couldn't find message for key cmake-tools.configuration.cmake.options.advanced.statusBarLength.description.
[14:50:21] [cmake-tools]: Couldn't find message for key cmake-tools.configuration.cmake.options.advanced.statusBarLength.description.
[14:50:21] [cmake-tools]: Couldn't find message for key cmake-tools.configuration.cmake.options.advanced.statusBarLength.description.
[14:50:21] [cmake-tools]: Couldn't find message for key cmake-tools.configuration.cmake.options.advanced.statusBarLength.description.
[14:50:21] [cmake-tools]: Couldn't find message for key cmake-tools.configuration.cmake.options.advanced.statusBarLength.description.
[14:50:21] [cmake-tools]: Couldn't find message for key cmake-tools.configuration.cmake.options.advanced.statusBarLength.description.
[14:50:21] [cmake-tools]: Couldn't find message for key cmake-tools.configuration.cmake.options.advanced.statusBarLength.description.
[14:50:21] [cmake-tools]: Couldn't find message for key cmake-tools.configuration.cmake.options.advanced.statusBarLength.description.
[14:50:21] [cmake-tools]: Couldn't find message for key cmake-tools.configuration.cmake.options.advanced.statusBarLength.description.
[14:50:21] [cmake-tools]: Couldn't find message for key cmake-tools.configuration.cmake.options.advanced.statusBarLength.description.
[14:50:21] [cmake-tools]: Couldn't find message for key cmake-tools.configuration.cmake.options.advanced.statusBarLength.description.
[14:50:21] [cmake-tools]: Couldn't find message for key cmake-tools.configuration.cmake.options.advanced.statusBarLength.description.
[14:50:21] [cmake-tools]: Couldn't find message for key cmake-tools.configuration.cmake.options.advanced.statusBarLength.description.
[14:50:21] [cmake-tools]: Couldn't find message for key cmake-tools.configuration.cmake.options.advanced.statusBarLength.description.
[14:50:21] [cmake-tools]: Couldn't find message for key cmake-tools.configuration.cmake.options.advanced.statusBarLength.description.
[14:50:21] [cmake-tools]: Couldn't find message for key cmake-tools.configuration.cmake.options.advanced.statusBarLength.description.
[14:50:21] [cmake-tools]: Couldn't find message for key cmake-tools.configuration.cmake.options.advanced.statusBarLength.description.
[14:50:21] [cmake-tools]: Couldn't find message for key cmake-tools.configuration.cmake.options.advanced.statusBarLength.description.
[14:50:21] [cmake-tools]: Couldn't find message for key cmake-tools.configuration.cmake.options.advanced.statusBarLength.description.
[14:50:21] [cmake-tools]: Couldn't find message for key cmake-tools.configuration.cmake.options.advanced.statusBarLength.description.
[14:50:21] [cmake-tools]: Couldn't find message for key cmake-tools.configuration.cmake.options.advanced.statusBarLength.description.
[14:50:21] [cmake-tools]: Couldn't find message for key cmake-tools.configuration.cmake.options.advanced.statusBarLength.description.
[14:50:21] [cmake-tools]: Couldn't find message for key cmake-tools.configuration.cmake.options.advanced.statusBarLength.description.
[14:50:21] [cmake-tools]: Couldn't find message for key cmake-tools.configuration.cmake.options.advanced.statusBarLength.description.
[14:50:21] [cmake-tools]: Couldn't find message for key cmake-tools.configuration.cmake.options.advanced.statusBarLength.description.
[14:50:21] [cmake-tools]: Couldn't find message for key cmake-tools.configuration.cmake.options.advanced.statusBarLength.description.
[14:50:21] [cmake-tools]: Couldn't find message for key cmake-tools.configuration.cmake.options.advanced.statusBarLength.description.
[14:50:22] [cmake-tools]: Couldn't find message for key cmake-tools.configuration.cmake.options.advanced.statusBarLength.description.
[14:50:22] [cmake-tools]: Couldn't find message for key cmake-tools.configuration.cmake.options.advanced.statusBarLength.description.
[14:50:22] [cmake-tools]: Couldn't find message for key cmake-tools.configuration.cmake.options.advanced.statusBarLength.description.
[14:50:22] [cmake-tools]: Couldn't find message for key cmake-tools.configuration.cmake.options.advanced.statusBarLength.description.
[14:50:22] [cmake-tools]: Couldn't find message for key cmake-tools.configuration.cmake.options.advanced.statusBarLength.description.
[14:50:22] [cmake-tools]: Couldn't find message for key cmake-tools.configuration.cmake.options.advanced.statusBarLength.description.
[14:50:22] [cmake-tools]: Couldn't find message for key cmake-tools.configuration.cmake.options.advanced.statusBarLength.description.
[14:50:22] [cmake-tools]: Couldn't find message for key cmake-tools.configuration.cmake.options.advanced.statusBarLength.description.
[14:50:22] [cmake-tools]: Couldn't find message for key cmake-tools.configuration.cmake.options.advanced.statusBarLength.description.
[14:50:22] [cmake-tools]: Couldn't find message for key cmake-tools.configuration.cmake.options.advanced.statusBarLength.description.
[14:50:22] [cmake-tools]: Couldn't find message for key cmake-tools.configuration.cmake.options.advanced.statusBarLength.description.
[14:50:22] [cmake-tools]: Couldn't find message for key cmake-tools.configuration.cmake.options.advanced.statusBarLength.description.
[14:50:22] [127.0.0.1][40c33137][ExtensionHostConnection] <3516774> Launched Extension Host Process.
[14:50:22] [127.0.0.1][40c33137][ExtensionHostConnection] <3516774> Extension Host Process exited with code: null, signal: SIGABRT.
Cancelling previous shutdown timeout
[14:50:22] Cancelling previous shutdown timeout
Last EH closed, waiting before shutting down
[14:50:22] Last EH closed, waiting before shutting down
[14:50:22] [cmake-tools]: Couldn't find message for key cmake-tools.configuration.cmake.options.advanced.statusBarLength.description.
[14:50:22] [cmake-tools]: Couldn't find message for key cmake-tools.configuration.cmake.options.advanced.statusBarLength.description.
[14:50:22] [cmake-tools]: Couldn't find message for key cmake-tools.configuration.cmake.options.advanced.statusBarLength.description.
[14:50:22] [cmake-tools]: Couldn't find message for key cmake-tools.configuration.cmake.options.advanced.statusBarLength.description.
[14:50:22] [cmake-tools]: Couldn't find message for key cmake-tools.configuration.cmake.options.advanced.statusBarLength.description.
[14:50:22] [cmake-tools]: Couldn't find message for key cmake-tools.configuration.cmake.options.advanced.statusBarLength.description.
[14:50:22] [cmake-tools]: Couldn't find message for key cmake-tools.configuration.cmake.options.advanced.statusBarLength.description.
[14:50:22] [cmake-tools]: Couldn't find message for key cmake-tools.configuration.cmake.options.advanced.statusBarLength.description.
[14:50:22] [cmake-tools]: Couldn't find message for key cmake-tools.configuration.cmake.options.advanced.statusBarLength.description.
[14:50:22] [cmake-tools]: Couldn't find message for key cmake-tools.configuration.cmake.options.advanced.statusBarLength.description.
[14:50:22] [cmake-tools]: Couldn't find message for key cmake-tools.configuration.cmake.options.advanced.statusBarLength.description.
[14:50:22] [cmake-tools]: Couldn't find message for key cmake-tools.configuration.cmake.options.advanced.statusBarLength.description.
[14:50:22] [127.0.0.1][40c33137][ExtensionHostConnection] Unknown reconnection token (seen before).
[14:50:22] [cmake-tools]: Couldn't find message for key cmake-tools.configuration.cmake.options.advanced.statusBarLength.description.
[14:50:22] [cmake-tools]: Couldn't find message for key cmake-tools.configuration.cmake.options.advanced.statusBarLength.description.
[14:50:22] [cmake-tools]: Couldn't find message for key cmake-tools.configuration.cmake.options.advanced.statusBarLength.description.
[14:50:22] [cmake-tools]: Couldn't find message for key cmake-tools.configuration.cmake.options.advanced.statusBarLength.description.
[14:50:22] [cmake-tools]: Couldn't find message for key cmake-tools.configuration.cmake.options.advanced.statusBarLength.description.
[14:50:22] [cmake-tools]: Couldn't find message for key cmake-tools.configuration.cmake.options.advanced.statusBarLength.description.
[14:50:22] [cmake-tools]: Couldn't find message for key cmake-tools.configuration.cmake.options.advanced.statusBarLength.description.
[14:50:22] [cmake-tools]: Couldn't find message for key cmake-tools.configuration.cmake.options.advanced.statusBarLength.description.
[14:50:22] [cmake-tools]: Couldn't find message for key cmake-tools.configuration.cmake.options.advanced.statusBarLength.description.
[14:50:22] [cmake-tools]: Couldn't find message for key cmake-tools.configuration.cmake.options.advanced.statusBarLength.description.
[14:50:22] [cmake-tools]: Couldn't find message for key cmake-tools.configuration.cmake.options.advanced.statusBarLength.description.
[14:50:22] [cmake-tools]: Couldn't find message for key cmake-tools.configuration.cmake.options.advanced.statusBarLength.description.
[14:50:22] [cmake-tools]: Couldn't find message for key cmake-tools.configuration.cmake.options.advanced.statusBarLength.description.
[14:50:22] [cmake-tools]: Couldn't find message for key cmake-tools.configuration.cmake.options.advanced.statusBarLength.description.
[14:50:22] [cmake-tools]: Couldn't find message for key cmake-tools.configuration.cmake.options.advanced.statusBarLength.description.
[14:50:22] [cmake-tools]: Couldn't find message for key cmake-tools.configuration.cmake.options.advanced.statusBarLength.description.
[14:50:22] [cmake-tools]: Couldn't find message for key cmake-tools.configuration.cmake.options.advanced.statusBarLength.description.
[14:50:22] [cmake-tools]: Couldn't find message for key cmake-tools.configuration.cmake.options.advanced.statusBarLength.description.
[14:50:22] [cmake-tools]: Couldn't find message for key cmake-tools.configuration.cmake.options.advanced.statusBarLength.description.
[14:50:22] [cmake-tools]: Couldn't find message for key cmake-tools.configuration.cmake.options.advanced.statusBarLength.description.
[14:50:22] [cmake-tools]: Couldn't find message for key cmake-tools.configuration.cmake.options.advanced.statusBarLength.description.
[14:50:22] [cmake-tools]: Couldn't find message for key cmake-tools.configuration.cmake.options.advanced.statusBarLength.description.
[14:50:22] [cmake-tools]: Couldn't find message for key cmake-tools.configuration.cmake.options.advanced.statusBarLength.description.
[14:50:22] [cmake-tools]: Couldn't find message for key cmake-tools.configuration.cmake.options.advanced.statusBarLength.description.
[14:50:22] [cmake-tools]: Couldn't find message for key cmake-tools.configuration.cmake.options.advanced.statusBarLength.description.
[14:50:22] [cmake-tools]: Couldn't find message for key cmake-tools.configuration.cmake.options.advanced.statusBarLength.description.
[14:50:22] [cmake-tools]: Couldn't find message for key cmake-tools.configuration.cmake.options.advanced.statusBarLength.description.
[14:50:22] [cmake-tools]: Couldn't find message for key cmake-tools.configuration.cmake.options.advanced.statusBarLength.description.
[14:50:22] [cmake-tools]: Couldn't find message for key cmake-tools.configuration.cmake.options.advanced.statusBarLength.description.
[14:50:22] [cmake-tools]: Couldn't find message for key cmake-tools.configuration.cmake.options.advanced.statusBarLength.description.
[14:50:22] [cmake-tools]: Couldn't find message for key cmake-tools.configuration.cmake.options.advanced.statusBarLength.description.
[14:50:22] [cmake-tools]: Couldn't find message for key cmake-tools.configuration.cmake.options.advanced.statusBarLength.description.
[14:50:22] [cmake-tools]: Couldn't find message for key cmake-tools.configuration.cmake.options.advanced.statusBarLength.description.
[14:50:22] [cmake-tools]: Couldn't find message for key cmake-tools.configuration.cmake.options.advanced.statusBarLength.description.
[14:50:22] [cmake-tools]: Couldn't find message for key cmake-tools.configuration.cmake.options.advanced.statusBarLength.description.
[14:50:22] [cmake-tools]: Couldn't find message for key cmake-tools.configuration.cmake.options.advanced.statusBarLength.description.
[14:50:22] [cmake-tools]: Couldn't find message for key cmake-tools.configuration.cmake.options.advanced.statusBarLength.description.
[14:50:22] [cmake-tools]: Couldn't find message for key cmake-tools.configuration.cmake.options.advanced.statusBarLength.description.
[14:50:22] [cmake-tools]: Couldn't find message for key cmake-tools.configuration.cmake.options.advanced.statusBarLength.description.
[14:50:22] [cmake-tools]: Couldn't find message for key cmake-tools.configuration.cmake.options.advanced.statusBarLength.description.
[14:50:22] [cmake-tools]: Couldn't find message for key cmake-tools.configuration.cmake.options.advanced.statusBarLength.description.
[14:50:22] [cmake-tools]: Couldn't find message for key cmake-tools.configuration.cmake.options.advanced.statusBarLength.description.
[14:50:22] [cmake-tools]: Couldn't find message for key cmake-tools.configuration.cmake.options.advanced.statusBarLength.description.
[14:50:22] [cmake-tools]: Couldn't find message for key cmake-tools.configuration.cmake.options.advanced.statusBarLength.description.
[14:50:22] [cmake-tools]: Couldn't find message for key cmake-tools.configuration.cmake.options.advanced.statusBarLength.description.
[14:50:22] [cmake-tools]: Couldn't find message for key cmake-tools.configuration.cmake.options.advanced.statusBarLength.description.
[14:50:22] [cmake-tools]: Couldn't find message for key cmake-tools.configuration.cmake.options.advanced.statusBarLength.description.
[14:50:22] [cmake-tools]: Couldn't find message for key cmake-tools.configuration.cmake.options.advanced.statusBarLength.description.
[14:50:22] [cmake-tools]: Couldn't find message for key cmake-tools.configuration.cmake.options.advanced.statusBarLength.description.
[14:50:22] [cmake-tools]: Couldn't find message for key cmake-tools.configuration.cmake.options.advanced.statusBarLength.description.
[14:50:22] [cmake-tools]: Couldn't find message for key cmake-tools.configuration.cmake.options.advanced.statusBarLength.description.
[14:50:22] [cmake-tools]: Couldn't find message for key cmake-tools.configuration.cmake.options.advanced.statusBarLength.description.
[14:50:22] [cmake-tools]: Couldn't find message for key cmake-tools.configuration.cmake.options.advanced.statusBarLength.description.
[14:50:22] [cmake-tools]: Couldn't find message for key cmake-tools.configuration.cmake.options.advanced.statusBarLength.description.
[14:50:22] [cmake-tools]: Couldn't find message for key cmake-tools.configuration.cmake.options.advanced.statusBarLength.description.
[14:50:22] [cmake-tools]: Couldn't find message for key cmake-tools.configuration.cmake.options.advanced.statusBarLength.description.
[14:50:22] [cmake-tools]: Couldn't find message for key cmake-tools.configuration.cmake.options.advanced.statusBarLength.description.
[14:50:22] [cmake-tools]: Couldn't find message for key cmake-tools.configuration.cmake.options.advanced.statusBarLength.description.
[14:50:22] [cmake-tools]: Couldn't find message for key cmake-tools.configuration.cmake.options.advanced.statusBarLength.description.
[14:50:22] [cmake-tools]: Couldn't find message for key cmake-tools.configuration.cmake.options.advanced.statusBarLength.description.
[14:50:22] [cmake-tools]: Couldn't find message for key cmake-tools.configuration.cmake.options.advanced.statusBarLength.description.
[14:50:22] [cmake-tools]: Couldn't find message for key cmake-tools.configuration.cmake.options.advanced.statusBarLength.description.
[14:50:22] [cmake-tools]: Couldn't find message for key cmake-tools.configuration.cmake.options.advanced.statusBarLength.description.
[14:50:22] [cmake-tools]: Couldn't find message for key cmake-tools.configuration.cmake.options.advanced.statusBarLength.description.
[14:50:22] [cmake-tools]: Couldn't find message for key cmake-tools.configuration.cmake.options.advanced.statusBarLength.description.
[14:50:22] [cmake-tools]: Couldn't find message for key cmake-tools.configuration.cmake.options.advanced.statusBarLength.description.
[14:50:22] [cmake-tools]: Couldn't find message for key cmake-tools.configuration.cmake.options.advanced.statusBarLength.description.
[14:50:22] [cmake-tools]: Couldn't find message for key cmake-tools.configuration.cmake.options.advanced.statusBarLength.description.
[14:50:22] [cmake-tools]: Couldn't find message for key cmake-tools.configuration.cmake.options.advanced.statusBarLength.description.
[14:50:22] [cmake-tools]: Couldn't find message for key cmake-tools.configuration.cmake.options.advanced.statusBarLength.description.
[14:50:22] [cmake-tools]: Couldn't find message for key cmake-tools.configuration.cmake.options.advanced.statusBarLength.description.
[14:50:22] [cmake-tools]: Couldn't find message for key cmake-tools.configuration.cmake.options.advanced.statusBarLength.description.
[14:50:23] [cmake-tools]: Couldn't find message for key cmake-tools.configuration.cmake.options.advanced.statusBarLength.description.
[14:50:23] [cmake-tools]: Couldn't find message for key cmake-tools.configuration.cmake.options.advanced.statusBarLength.description.
[14:50:23] [cmake-tools]: Couldn't find message for key cmake-tools.configuration.cmake.options.advanced.statusBarLength.description.
[14:50:23] [cmake-tools]: Couldn't find message for key cmake-tools.configuration.cmake.options.advanced.statusBarLength.description.
[14:50:23] [cmake-tools]: Couldn't find message for key cmake-tools.configuration.cmake.options.advanced.statusBarLength.description.
[14:50:23] [cmake-tools]: Couldn't find message for key cmake-tools.configuration.cmake.options.advanced.statusBarLength.description.
[14:50:23] [cmake-tools]: Couldn't find message for key cmake-tools.configuration.cmake.options.advanced.statusBarLength.description.
[14:50:23] [cmake-tools]: Couldn't find message for key cmake-tools.configuration.cmake.options.advanced.statusBarLength.description.
[14:50:23] [cmake-tools]: Couldn't find message for key cmake-tools.configuration.cmake.options.advanced.statusBarLength.description.
[14:50:23] [cmake-tools]: Couldn't find message for key cmake-tools.configuration.cmake.options.advanced.statusBarLength.description.
[14:50:23] [cmake-tools]: Couldn't find message for key cmake-tools.configuration.cmake.options.advanced.statusBarLength.description.
[14:50:23] [cmake-tools]: Couldn't find message for key cmake-tools.configuration.cmake.options.advanced.statusBarLength.description.
[14:50:23] [127.0.0.1][7c3cfcb6][ExtensionHostConnection] New connection established.
[14:50:23] [127.0.0.1][7c3cfcb6][ExtensionHostConnection] <3516796> Launched Extension Host Process.
[14:50:23] [127.0.0.1][7c3cfcb6][ExtensionHostConnection] <3516796> Extension Host Process exited with code: null, signal: SIGABRT.
Cancelling previous shutdown timeout
[14:50:23] Cancelling previous shutdown timeout
Last EH closed, waiting before shutting down
[14:50:23] Last EH closed, waiting before shutting down
[14:50:23] [cmake-tools]: Couldn't find message for key cmake-tools.configuration.cmake.options.advanced.statusBarLength.description.
[14:50:23] [cmake-tools]: Couldn't find message for key cmake-tools.configuration.cmake.options.advanced.statusBarLength.description.
[14:50:23] [cmake-tools]: Couldn't find message for key cmake-tools.configuration.cmake.options.advanced.statusBarLength.description.
[14:50:23] [cmake-tools]: Couldn't find message for key cmake-tools.configuration.cmake.options.advanced.statusBarLength.description.
[14:50:23] [cmake-tools]: Couldn't find message for key cmake-tools.configuration.cmake.options.advanced.statusBarLength.description.
[14:50:23] [cmake-tools]: Couldn't find message for key cmake-tools.configuration.cmake.options.advanced.statusBarLength.description.
[14:50:23] [cmake-tools]: Couldn't find message for key cmake-tools.configuration.cmake.options.advanced.statusBarLength.description.
[14:50:23] [cmake-tools]: Couldn't find message for key cmake-tools.configuration.cmake.options.advanced.statusBarLength.description.
[14:50:23] [cmake-tools]: Couldn't find message for key cmake-tools.configuration.cmake.options.advanced.statusBarLength.description.
[14:50:23] [cmake-tools]: Couldn't find message for key cmake-tools.configuration.cmake.options.advanced.statusBarLength.description.
[14:50:23] [cmake-tools]: Couldn't find message for key cmake-tools.configuration.cmake.options.advanced.statusBarLength.description.
[14:50:23] [cmake-tools]: Couldn't find message for key cmake-tools.configuration.cmake.options.advanced.statusBarLength.description.
[14:50:23] [cmake-tools]: Couldn't find message for key cmake-tools.configuration.cmake.options.advanced.statusBarLength.description.
[14:50:23] [cmake-tools]: Couldn't find message for key cmake-tools.configuration.cmake.options.advanced.statusBarLength.description.
[14:50:23] [cmake-tools]: Couldn't find message for key cmake-tools.configuration.cmake.options.advanced.statusBarLength.description.
[14:50:23] [cmake-tools]: Couldn't find message for key cmake-tools.configuration.cmake.options.advanced.statusBarLength.description.
[14:50:23] [cmake-tools]: Couldn't find message for key cmake-tools.configuration.cmake.options.advanced.statusBarLength.description.
[14:50:23] [cmake-tools]: Couldn't find message for key cmake-tools.configuration.cmake.options.advanced.statusBarLength.description.
[14:50:23] [cmake-tools]: Couldn't find message for key cmake-tools.configuration.cmake.options.advanced.statusBarLength.description.
[14:50:23] [cmake-tools]: Couldn't find message for key cmake-tools.configuration.cmake.options.advanced.statusBarLength.description.
[14:50:23] [cmake-tools]: Couldn't find message for key cmake-tools.configuration.cmake.options.advanced.statusBarLength.description.
[14:50:23] [cmake-tools]: Couldn't find message for key cmake-tools.configuration.cmake.options.advanced.statusBarLength.description.
[14:50:23] [cmake-tools]: Couldn't find message for key cmake-tools.configuration.cmake.options.advanced.statusBarLength.description.
[14:50:23] [cmake-tools]: Couldn't find message for key cmake-tools.configuration.cmake.options.advanced.statusBarLength.description.
[14:50:23] [127.0.0.1][7c3cfcb6][ExtensionHostConnection] Unknown reconnection token (seen before).
[14:50:23] [cmake-tools]: Couldn't find message for key cmake-tools.configuration.cmake.options.advanced.statusBarLength.description.
[14:50:23] [cmake-tools]: Couldn't find message for key cmake-tools.configuration.cmake.options.advanced.statusBarLength.description.
[14:50:23] [cmake-tools]: Couldn't find message for key cmake-tools.configuration.cmake.options.advanced.statusBarLength.description.
[14:50:23] [cmake-tools]: Couldn't find message for key cmake-tools.configuration.cmake.options.advanced.statusBarLength.description.
[14:50:23] [cmake-tools]: Couldn't find message for key cmake-tools.configuration.cmake.options.advanced.statusBarLength.description.
[14:50:23] [cmake-tools]: Couldn't find message for key cmake-tools.configuration.cmake.options.advanced.statusBarLength.description.
[14:50:23] [cmake-tools]: Couldn't find message for key cmake-tools.configuration.cmake.options.advanced.statusBarLength.description.
[14:50:23] [cmake-tools]: Couldn't find message for key cmake-tools.configuration.cmake.options.advanced.statusBarLength.description.
[14:50:23] [cmake-tools]: Couldn't find message for key cmake-tools.configuration.cmake.options.advanced.statusBarLength.description.
[14:50:23] [cmake-tools]: Couldn't find message for key cmake-tools.configuration.cmake.options.advanced.statusBarLength.description.
[14:50:23] [cmake-tools]: Couldn't find message for key cmake-tools.configuration.cmake.options.advanced.statusBarLength.description.
[14:50:23] [cmake-tools]: Couldn't find message for key cmake-tools.configuration.cmake.options.advanced.statusBarLength.description.
[14:50:24] [127.0.0.1][46dba4b6][ExtensionHostConnection] New connection established.
[14:50:24] [127.0.0.1][46dba4b6][ExtensionHostConnection] <3516810> Launched Extension Host Process.
[14:50:24] [cmake-tools]: Couldn't find message for key cmake-tools.configuration.cmake.options.advanced.statusBarLength.description.
[14:50:24] [cmake-tools]: Couldn't find message for key cmake-tools.configuration.cmake.options.advanced.statusBarLength.description.
[14:50:24] [cmake-tools]: Couldn't find message for key cmake-tools.configuration.cmake.options.advanced.statusBarLength.description.
[14:50:24] [cmake-tools]: Couldn't find message for key cmake-tools.configuration.cmake.options.advanced.statusBarLength.description.
[14:50:24] [cmake-tools]: Couldn't find message for key cmake-tools.configuration.cmake.options.advanced.statusBarLength.description.
[14:50:24] [cmake-tools]: Couldn't find message for key cmake-tools.configuration.cmake.options.advanced.statusBarLength.description.
[14:50:24] [cmake-tools]: Couldn't find message for key cmake-tools.configuration.cmake.options.advanced.statusBarLength.description.
[14:50:24] [cmake-tools]: Couldn't find message for key cmake-tools.configuration.cmake.options.advanced.statusBarLength.description.
[14:50:24] [cmake-tools]: Couldn't find message for key cmake-tools.configuration.cmake.options.advanced.statusBarLength.description.
[14:50:24] [cmake-tools]: Couldn't find message for key cmake-tools.configuration.cmake.options.advanced.statusBarLength.description.
[14:50:24] [cmake-tools]: Couldn't find message for key cmake-tools.configuration.cmake.options.advanced.statusBarLength.description.
[14:50:24] [cmake-tools]: Couldn't find message for key cmake-tools.configuration.cmake.options.advanced.statusBarLength.description.
[14:50:24] [127.0.0.1][46dba4b6][ExtensionHostConnection] <3516810> Extension Host Process exited with code: null, signal: SIGABRT.
Cancelling previous shutdown timeout
[14:50:24] Cancelling previous shutdown timeout
Last EH closed, waiting before shutting down
[14:50:24] Last EH closed, waiting before shutting down
[14:50:24] [127.0.0.1][46dba4b6][ExtensionHostConnection] Unknown reconnection token (seen before).
[14:50:25] Getting Manifest... ms-python.debugpy
[14:50:25] Getting Manifest... ms-python.python
[14:50:25] Installing extension: ms-python.debugpy
[14:50:25] Installing extension: ms-python.python
[14:50:25] [cmake-tools]: Couldn't find message for key cmake-tools.configuration.cmake.options.advanced.statusBarLength.description.
[14:50:25] [cmake-tools]: Couldn't find message for key cmake-tools.configuration.cmake.options.advanced.statusBarLength.description.
[14:50:25] [cmake-tools]: Couldn't find message for key cmake-tools.configuration.cmake.options.advanced.statusBarLength.description.
[14:50:25] [cmake-tools]: Couldn't find message for key cmake-tools.configuration.cmake.options.advanced.statusBarLength.description.
[14:50:25] [cmake-tools]: Couldn't find message for key cmake-tools.configuration.cmake.options.advanced.statusBarLength.description.
[14:50:25] [cmake-tools]: Couldn't find message for key cmake-tools.configuration.cmake.options.advanced.statusBarLength.description.
[14:50:25] [cmake-tools]: Couldn't find message for key cmake-tools.configuration.cmake.options.advanced.statusBarLength.description.
[14:50:25] [cmake-tools]: Couldn't find message for key cmake-tools.configuration.cmake.options.advanced.statusBarLength.description.
[14:50:25] [cmake-tools]: Couldn't find message for key cmake-tools.configuration.cmake.options.advanced.statusBarLength.description.
[14:50:25] [cmake-tools]: Couldn't find message for key cmake-tools.configuration.cmake.options.advanced.statusBarLength.description.
[14:50:25] [cmake-tools]: Couldn't find message for key cmake-tools.configuration.cmake.options.advanced.statusBarLength.description.
[14:50:25] [cmake-tools]: Couldn't find message for key cmake-tools.configuration.cmake.options.advanced.statusBarLength.description.
[14:50:25] [cmake-tools]: Couldn't find message for key cmake-tools.configuration.cmake.options.advanced.statusBarLength.description.
[14:50:25] [cmake-tools]: Couldn't find message for key cmake-tools.configuration.cmake.options.advanced.statusBarLength.description.
[14:50:25] [cmake-tools]: Couldn't find message for key cmake-tools.configuration.cmake.options.advanced.statusBarLength.description.
[14:50:25] [cmake-tools]: Couldn't find message for key cmake-tools.configuration.cmake.options.advanced.statusBarLength.description.
[14:50:25] [cmake-tools]: Couldn't find message for key cmake-tools.configuration.cmake.options.advanced.statusBarLength.description.
[14:50:25] [cmake-tools]: Couldn't find message for key cmake-tools.configuration.cmake.options.advanced.statusBarLength.description.
[14:50:25] [cmake-tools]: Couldn't find message for key cmake-tools.configuration.cmake.options.advanced.statusBarLength.description.
[14:50:25] [cmake-tools]: Couldn't find message for key cmake-tools.configuration.cmake.options.advanced.statusBarLength.description.
[14:50:25] [cmake-tools]: Couldn't find message for key cmake-tools.configuration.cmake.options.advanced.statusBarLength.description.
[14:50:25] [cmake-tools]: Couldn't find message for key cmake-tools.configuration.cmake.options.advanced.statusBarLength.description.
[14:50:25] [cmake-tools]: Couldn't find message for key cmake-tools.configuration.cmake.options.advanced.statusBarLength.description.
[14:50:25] [cmake-tools]: Couldn't find message for key cmake-tools.configuration.cmake.options.advanced.statusBarLength.description.
[14:50:25] [cmake-tools]: Couldn't find message for key cmake-tools.configuration.cmake.options.advanced.statusBarLength.description.
[14:50:25] [cmake-tools]: Couldn't find message for key cmake-tools.configuration.cmake.options.advanced.statusBarLength.description.
[14:50:25] [cmake-tools]: Couldn't find message for key cmake-tools.configuration.cmake.options.advanced.statusBarLength.description.
[14:50:25] [cmake-tools]: Couldn't find message for key cmake-tools.configuration.cmake.options.advanced.statusBarLength.description.
[14:50:25] [cmake-tools]: Couldn't find message for key cmake-tools.configuration.cmake.options.advanced.statusBarLength.description.
[14:50:25] [cmake-tools]: Couldn't find message for key cmake-tools.configuration.cmake.options.advanced.statusBarLength.description.
[14:50:25] [cmake-tools]: Couldn't find message for key cmake-tools.configuration.cmake.options.advanced.statusBarLength.description.
[14:50:25] [cmake-tools]: Couldn't find message for key cmake-tools.configuration.cmake.options.advanced.statusBarLength.description.
[14:50:25] [cmake-tools]: Couldn't find message for key cmake-tools.configuration.cmake.options.advanced.statusBarLength.description.
[14:50:25] [cmake-tools]: Couldn't find message for key cmake-tools.configuration.cmake.options.advanced.statusBarLength.description.
[14:50:25] [cmake-tools]: Couldn't find message for key cmake-tools.configuration.cmake.options.advanced.statusBarLength.description.
[14:50:25] [cmake-tools]: Couldn't find message for key cmake-tools.configuration.cmake.options.advanced.statusBarLength.description.
[14:50:25] Getting Manifest... ms-python.python
[14:50:25] [cmake-tools]: Couldn't find message for key cmake-tools.configuration.cmake.options.advanced.statusBarLength.description.
[14:50:25] [cmake-tools]: Couldn't find message for key cmake-tools.configuration.cmake.options.advanced.statusBarLength.description.
[14:50:25] [cmake-tools]: Couldn't find message for key cmake-tools.configuration.cmake.options.advanced.statusBarLength.description.
[14:50:25] [cmake-tools]: Couldn't find message for key cmake-tools.configuration.cmake.options.advanced.statusBarLength.description.
[14:50:25] [cmake-tools]: Couldn't find message for key cmake-tools.configuration.cmake.options.advanced.statusBarLength.description.
[14:50:25] [cmake-tools]: Couldn't find message for key cmake-tools.configuration.cmake.options.advanced.statusBarLength.description.
[14:50:25] [cmake-tools]: Couldn't find message for key cmake-tools.configuration.cmake.options.advanced.statusBarLength.description.
[14:50:25] [cmake-tools]: Couldn't find message for key cmake-tools.configuration.cmake.options.advanced.statusBarLength.description.
[14:50:25] [cmake-tools]: Couldn't find message for key cmake-tools.configuration.cmake.options.advanced.statusBarLength.description.
[14:50:25] [cmake-tools]: Couldn't find message for key cmake-tools.configuration.cmake.options.advanced.statusBarLength.description.
[14:50:25] [cmake-tools]: Couldn't find message for key cmake-tools.configuration.cmake.options.advanced.statusBarLength.description.
[14:50:25] [cmake-tools]: Couldn't find message for key cmake-tools.configuration.cmake.options.advanced.statusBarLength.description.
[14:50:25] [cmake-tools]: Couldn't find message for key cmake-tools.configuration.cmake.options.advanced.statusBarLength.description.
[14:50:25] [cmake-tools]: Couldn't find message for key cmake-tools.configuration.cmake.options.advanced.statusBarLength.description.
[14:50:25] [cmake-tools]: Couldn't find message for key cmake-tools.configuration.cmake.options.advanced.statusBarLength.description.
[14:50:25] [cmake-tools]: Couldn't find message for key cmake-tools.configuration.cmake.options.advanced.statusBarLength.description.
[14:50:25] [cmake-tools]: Couldn't find message for key cmake-tools.configuration.cmake.options.advanced.statusBarLength.description.
[14:50:25] [cmake-tools]: Couldn't find message for key cmake-tools.configuration.cmake.options.advanced.statusBarLength.description.
[14:50:25] [cmake-tools]: Couldn't find message for key cmake-tools.configuration.cmake.options.advanced.statusBarLength.description.
[14:50:25] [cmake-tools]: Couldn't find message for key cmake-tools.configuration.cmake.options.advanced.statusBarLength.description.
[14:50:25] [cmake-tools]: Couldn't find message for key cmake-tools.configuration.cmake.options.advanced.statusBarLength.description.
[14:50:25] [cmake-tools]: Couldn't find message for key cmake-tools.configuration.cmake.options.advanced.statusBarLength.description.
[14:50:25] [cmake-tools]: Couldn't find message for key cmake-tools.configuration.cmake.options.advanced.statusBarLength.description.
[14:50:25] [cmake-tools]: Couldn't find message for key cmake-tools.configuration.cmake.options.advanced.statusBarLength.description.
[14:50:25] Waiting for already requested installing extension ms-python.python ms-python.debugpy
[14:50:26] [cmake-tools]: Couldn't find message for key cmake-tools.configuration.cmake.options.advanced.statusBarLength.description.
[14:50:26] [cmake-tools]: Couldn't find message for key cmake-tools.configuration.cmake.options.advanced.statusBarLength.description.
[14:50:26] [cmake-tools]: Couldn't find message for key cmake-tools.configuration.cmake.options.advanced.statusBarLength.description.
[14:50:26] [cmake-tools]: Couldn't find message for key cmake-tools.configuration.cmake.options.advanced.statusBarLength.description.
[14:50:26] [cmake-tools]: Couldn't find message for key cmake-tools.configuration.cmake.options.advanced.statusBarLength.description.
[14:50:26] [cmake-tools]: Couldn't find message for key cmake-tools.configuration.cmake.options.advanced.statusBarLength.description.
[14:50:26] [cmake-tools]: Couldn't find message for key cmake-tools.configuration.cmake.options.advanced.statusBarLength.description.
[14:50:26] [cmake-tools]: Couldn't find message for key cmake-tools.configuration.cmake.options.advanced.statusBarLength.description.
[14:50:26] [cmake-tools]: Couldn't find message for key cmake-tools.configuration.cmake.options.advanced.statusBarLength.description.
[14:50:26] [cmake-tools]: Couldn't find message for key cmake-tools.configuration.cmake.options.advanced.statusBarLength.description.
[14:50:26] [cmake-tools]: Couldn't find message for key cmake-tools.configuration.cmake.options.advanced.statusBarLength.description.
[14:50:26] [cmake-tools]: Couldn't find message for key cmake-tools.configuration.cmake.options.advanced.statusBarLength.description.
[14:50:26] Extension signature verification failed with error 'UnknownError': ms-python.debugpy
[14:50:26] Extension signature verification failed with error 'UnknownError': ms-python.python
[14:50:27] No ptyHost response to createProcess after 5 seconds
[14:50:27] No ptyHost response to createProcess after 5 seconds
[14:50:27] No ptyHost response to createProcess after 5 seconds
[14:50:27] No ptyHost response to createProcess after 5 seconds
[14:50:29] Extracted extension to file:///home/webappdevcasino/.vscode-server/extensions/ms-python.debugpy-2024.4.0-linux-x64: ms-python.debugpy
[14:50:29] Renamed to /home/webappdevcasino/.vscode-server/extensions/ms-python.debugpy-2024.4.0-linux-x64
[14:50:29] Extracting extension completed. ms-python.debugpy
[14:50:29] Marked extension as uninstalled ms-python.debugpy-2024.2.0-linux-x64
[14:50:48] Extracted extension to file:///home/webappdevcasino/.vscode-server/extensions/ms-python.python-2024.4.0: ms-python.python
[14:50:48] Renamed to /home/webappdevcasino/.vscode-server/extensions/ms-python.python-2024.4.0
[14:50:48] Extracting extension completed. ms-python.python
[14:50:48] Extension installed successfully: ms-python.python
[14:50:48] Finished waiting for already requested installing extension ms-python.python ms-python.debugpy
[14:50:48] Extension installed successfully: ms-python.debugpy
[14:50:48] Marked extension as uninstalled ms-python.python-2024.2.1
Last EH closed, shutting down
[14:55:24] Last EH closed, shutting down
